<?xml version="1.0" encoding="UTF-8" ?>
<testsuite tests="9" failures="0" name="app.TesteSomaParametrizado" time="0.003" errors="0" skipped="0">
  <properties>
[...]
</properties>
  <testcase classname="app.TesteSomaParametrizado" name="testWithParameters[0]" time="0.003"/>
  <testcase classname="app.TesteSomaParametrizado" name="testWithParameters[1]" time="0"/>
  <testcase classname="app.TesteSomaParametrizado" name="testWithParameters[2]" time="0"/>
  <testcase classname="app.TesteSomaParametrizado" name="testWithParameters[3]" time="0"/>
  <testcase classname="app.TesteSomaParametrizado" name="testWithParameters[4]" time="0"/>
  <testcase classname="app.TesteSomaParametrizado" name="testWithParameters[5]" time="0"/>
  <testcase classname="app.TesteSomaParametrizado" name="testWithParameters[6]" time="0"/>
  <testcase classname="app.TesteSomaParametrizado" name="testWithParameters[7]" time="0"/>
  <testcase classname="app.TesteSomaParametrizado" name="testWithParameters[8]" time="0"/>
</testsuite>